2025-02-20 13:09:15,666 - DEBUG - 
def group(self, tasks, result, group_id, partial_args, add_to_parent=0):
    return 1

2025-02-20 13:09:15,666 - DEBUG - 
def xmap(task, it):
    return 1

2025-02-20 13:09:15,666 - DEBUG - 
def backend_cleanup():
    return 1

2025-02-20 13:09:15,666 - DEBUG - 
def chain(*args, **kwargs):
    return 1

2025-02-20 13:09:15,666 - DEBUG - 
def xstarmap(task, it):
    return 1

2025-02-20 13:09:15,666 - DEBUG - 
def debug_task(self):
    return 1

2025-02-20 13:09:15,666 - DEBUG - 
def accumulate(self, *args, **kwargs):
    return 1

2025-02-20 13:09:15,666 - DEBUG - 
def chord(self, header, body, partial_args=0, interval=1, countdown=2, max_retries=3, eager=4, **kwargs):
    return 1

2025-02-20 13:09:15,666 - DEBUG - 
def chunks(task, it, n):
    return 1

2025-02-20 13:09:15,666 - DEBUG - 
def unlock_chord(self, group_id, callback, interval=0, max_retries=1, result=2, Result=3, GroupResult=4, result_from_tuple=5, **kwargs):
    return 1

2025-02-20 13:09:15,666 - DEBUG - 
def start_driver():
    return 1

2025-02-20 13:22:12,958 - DEBUG - 
def group(self, tasks, result, group_id, partial_args, add_to_parent=0):
    return 1

2025-02-20 13:22:12,958 - DEBUG - 
def xmap(task, it):
    return 1

2025-02-20 13:22:12,958 - DEBUG - 
def backend_cleanup():
    return 1

2025-02-20 13:22:12,958 - DEBUG - 
def chain(*args, **kwargs):
    return 1

2025-02-20 13:22:12,958 - DEBUG - 
def xstarmap(task, it):
    return 1

2025-02-20 13:22:12,958 - DEBUG - 
def debug_task(self):
    return 1

2025-02-20 13:22:12,958 - DEBUG - 
def accumulate(self, *args, **kwargs):
    return 1

2025-02-20 13:22:12,974 - DEBUG - 
def chord(self, header, body, partial_args=0, interval=1, countdown=2, max_retries=3, eager=4, **kwargs):
    return 1

2025-02-20 13:22:12,974 - DEBUG - 
def chunks(task, it, n):
    return 1

2025-02-20 13:22:12,974 - DEBUG - 
def unlock_chord(self, group_id, callback, interval=0, max_retries=1, result=2, Result=3, GroupResult=4, result_from_tuple=5, **kwargs):
    return 1

2025-02-20 13:22:12,974 - DEBUG - 
def start_driver():
    return 1

